<?xml version="1.0" encoding="UTF-8"?>
<testsuites>
  <testsuite name="C:\Users\janoszen\Documents\NetBeansProjects\Alternative-Class-Repository/tests/" tests="40" assertions="86" failures="0" errors="0" time="0.229080">
    <testsuite name="ClassLoaderTest" file="C:\Users\janoszen\Documents\NetBeansProjects\Alternative-Class-Repository\tests\ClassLoaderTest.php" tests="5" assertions="15" failures="0" errors="0" time="0.041230">
      <testcase name="testLoadEverything" class="ClassLoaderTest" file="C:\Users\janoszen\Documents\NetBeansProjects\Alternative-Class-Repository\tests\ClassLoaderTest.php" line="30" assertions="10" time="0.020829"/>
      <testcase name="testWildcardImport" class="ClassLoaderTest" file="C:\Users\janoszen\Documents\NetBeansProjects\Alternative-Class-Repository\tests\ClassLoaderTest.php" line="48" assertions="1" time="0.005826"/>
      <testcase name="testClassLoaderCallbackInterface" class="ClassLoaderTest" file="C:\Users\janoszen\Documents\NetBeansProjects\Alternative-Class-Repository\tests\ClassLoaderTest.php" line="57" assertions="2" time="0.005662"/>
      <testcase name="testLoadAndCreateInstance" class="ClassLoaderTest" file="C:\Users\janoszen\Documents\NetBeansProjects\Alternative-Class-Repository\tests\ClassLoaderTest.php" line="67" assertions="1" time="0.005156"/>
      <testcase name="testCreateInstance" class="ClassLoaderTest" file="C:\Users\janoszen\Documents\NetBeansProjects\Alternative-Class-Repository\tests\ClassLoaderTest.php" line="77" assertions="1" time="0.003757"/>
    </testsuite>
    <testsuite name="PHP\IO\FileTest" file="C:\Users\janoszen\Documents\NetBeansProjects\Alternative-Class-Repository\tests\PHP\IO\FileTest.php" namespace="PHP\IO" fullPackage="PHP.IO" tests="7" assertions="8" failures="0" errors="0" time="0.033572">
      <testcase name="testGetPathSeparator" class="PHP\IO\FileTest" file="C:\Users\janoszen\Documents\NetBeansProjects\Alternative-Class-Repository\tests\PHP\IO\FileTest.php" line="14" assertions="1" time="0.003808"/>
      <testcase name="testCreateNewFile" class="PHP\IO\FileTest" file="C:\Users\janoszen\Documents\NetBeansProjects\Alternative-Class-Repository\tests\PHP\IO\FileTest.php" line="21" assertions="1" time="0.005806"/>
      <testcase name="testCanRead" class="PHP\IO\FileTest" file="C:\Users\janoszen\Documents\NetBeansProjects\Alternative-Class-Repository\tests\PHP\IO\FileTest.php" line="32" assertions="1" time="0.004296"/>
      <testcase name="testCanWrite" class="PHP\IO\FileTest" file="C:\Users\janoszen\Documents\NetBeansProjects\Alternative-Class-Repository\tests\PHP\IO\FileTest.php" line="40" assertions="1" time="0.004259"/>
      <testcase name="testGetAbsoluteFile" class="PHP\IO\FileTest" file="C:\Users\janoszen\Documents\NetBeansProjects\Alternative-Class-Repository\tests\PHP\IO\FileTest.php" line="48" assertions="1" time="0.006034"/>
      <testcase name="testGetAbsolutePath" class="PHP\IO\FileTest" file="C:\Users\janoszen\Documents\NetBeansProjects\Alternative-Class-Repository\tests\PHP\IO\FileTest.php" line="57" assertions="1" time="0.004358"/>
      <testcase name="testIsDirectory" class="PHP\IO\FileTest" file="C:\Users\janoszen\Documents\NetBeansProjects\Alternative-Class-Repository\tests\PHP\IO\FileTest.php" line="106" assertions="2" time="0.005011"/>
    </testsuite>
    <testsuite name="PHP\Lang\ExceptionTest" file="C:\Users\janoszen\Documents\NetBeansProjects\Alternative-Class-Repository\tests\PHP\Lang\ExceptionTest.php" namespace="PHP\Lang" fullPackage="PHP.Lang" tests="4" assertions="10" failures="0" errors="0" time="0.020161">
      <testcase name="testThrow" class="PHP\Lang\ExceptionTest" file="C:\Users\janoszen\Documents\NetBeansProjects\Alternative-Class-Repository\tests\PHP\Lang\ExceptionTest.php" line="14" assertions="1" time="0.003998"/>
      <testcase name="testHashCodeGeneration" class="PHP\Lang\ExceptionTest" file="C:\Users\janoszen\Documents\NetBeansProjects\Alternative-Class-Repository\tests\PHP\Lang\ExceptionTest.php" line="26" assertions="3" time="0.006301"/>
      <testcase name="testEquals" class="PHP\Lang\ExceptionTest" file="C:\Users\janoszen\Documents\NetBeansProjects\Alternative-Class-Repository\tests\PHP\Lang\ExceptionTest.php" line="37" assertions="3" time="0.004580"/>
      <testcase name="testStringConversion" class="PHP\Lang\ExceptionTest" file="C:\Users\janoszen\Documents\NetBeansProjects\Alternative-Class-Repository\tests\PHP\Lang\ExceptionTest.php" line="48" assertions="3" time="0.005282"/>
    </testsuite>
    <testsuite name="PHP\Lang\IndexOutOfBoundsExceptionTest" file="C:\Users\janoszen\Documents\NetBeansProjects\Alternative-Class-Repository\tests\PHP\Lang\IndexOutOfBoundsExceptionTest.php" namespace="PHP\Lang" fullPackage="PHP.Lang" tests="2" assertions="2" failures="0" errors="0" time="0.008295">
      <testcase name="testThrowWithOffset" class="PHP\Lang\IndexOutOfBoundsExceptionTest" file="C:\Users\janoszen\Documents\NetBeansProjects\Alternative-Class-Repository\tests\PHP\Lang\IndexOutOfBoundsExceptionTest.php" line="14" assertions="1" time="0.004205"/>
      <testcase name="testThrowWithoutOffset" class="PHP\Lang\IndexOutOfBoundsExceptionTest" file="C:\Users\janoszen\Documents\NetBeansProjects\Alternative-Class-Repository\tests\PHP\Lang\IndexOutOfBoundsExceptionTest.php" line="28" assertions="1" time="0.004090"/>
    </testsuite>
    <testsuite name="PHP\Lang\NotImplementedExceptionTest" file="C:\Users\janoszen\Documents\NetBeansProjects\Alternative-Class-Repository\tests\PHP\Lang\NotImplementedExceptionTest.php" namespace="PHP\Lang" fullPackage="PHP.Lang" tests="2" assertions="2" failures="0" errors="0" time="0.008111">
      <testcase name="testWithFeature" class="PHP\Lang\NotImplementedExceptionTest" file="C:\Users\janoszen\Documents\NetBeansProjects\Alternative-Class-Repository\tests\PHP\Lang\NotImplementedExceptionTest.php" line="14" assertions="1" time="0.004054"/>
      <testcase name="testWithoutFeature" class="PHP\Lang\NotImplementedExceptionTest" file="C:\Users\janoszen\Documents\NetBeansProjects\Alternative-Class-Repository\tests\PHP\Lang\NotImplementedExceptionTest.php" line="28" assertions="1" time="0.004057"/>
    </testsuite>
    <testsuite name="PHP\Lang\ObjectTest" file="C:\Users\janoszen\Documents\NetBeansProjects\Alternative-Class-Repository\tests\PHP\Lang\ObjectTest.php" namespace="PHP\Lang" fullPackage="PHP.Lang" tests="3" assertions="9" failures="0" errors="0" time="0.014347">
      <testcase name="testHashCodeGeneration" class="PHP\Lang\ObjectTest" file="C:\Users\janoszen\Documents\NetBeansProjects\Alternative-Class-Repository\tests\PHP\Lang\ObjectTest.php" line="14" assertions="3" time="0.004834"/>
      <testcase name="testEquals" class="PHP\Lang\ObjectTest" file="C:\Users\janoszen\Documents\NetBeansProjects\Alternative-Class-Repository\tests\PHP\Lang\ObjectTest.php" line="25" assertions="3" time="0.004502"/>
      <testcase name="testStringConversion" class="PHP\Lang\ObjectTest" file="C:\Users\janoszen\Documents\NetBeansProjects\Alternative-Class-Repository\tests\PHP\Lang\ObjectTest.php" line="36" assertions="3" time="0.005011"/>
    </testsuite>
    <testsuite name="PHP\Lang\TypeErrorTest" file="C:\Users\janoszen\Documents\NetBeansProjects\Alternative-Class-Repository\tests\PHP\Lang\TypeErrorTest.php" namespace="PHP\Lang" fullPackage="PHP.Lang" tests="2" assertions="4" failures="0" errors="0" time="0.009005">
      <testcase name="testWithClass" class="PHP\Lang\TypeErrorTest" file="C:\Users\janoszen\Documents\NetBeansProjects\Alternative-Class-Repository\tests\PHP\Lang\TypeErrorTest.php" line="14" assertions="2" time="0.004527"/>
      <testcase name="testWithBaseType" class="PHP\Lang\TypeErrorTest" file="C:\Users\janoszen\Documents\NetBeansProjects\Alternative-Class-Repository\tests\PHP\Lang\TypeErrorTest.php" line="31" assertions="2" time="0.004478"/>
    </testsuite>
    <testsuite name="PHP\Lang\ValueErrorTest" file="C:\Users\janoszen\Documents\NetBeansProjects\Alternative-Class-Repository\tests\PHP\Lang\ValueErrorTest.php" namespace="PHP\Lang" fullPackage="PHP.Lang" tests="1" assertions="2" failures="0" errors="0" time="0.004448">
      <testcase name="testThrow" class="PHP\Lang\ValueErrorTest" file="C:\Users\janoszen\Documents\NetBeansProjects\Alternative-Class-Repository\tests\PHP\Lang\ValueErrorTest.php" line="14" assertions="2" time="0.004448"/>
    </testsuite>
    <testsuite name="PHP\Net\INET4AddressTest" file="C:\Users\janoszen\Documents\NetBeansProjects\Alternative-Class-Repository\tests\PHP\Net\INET4AddressTest.php" namespace="PHP\Net" fullPackage="PHP.Net" tests="14" assertions="34" failures="0" errors="0" time="0.089911">
      <testcase name="testValidAddress" class="PHP\Net\INET4AddressTest" file="C:\Users\janoszen\Documents\NetBeansProjects\Alternative-Class-Repository\tests\PHP\Net\INET4AddressTest.php" line="14" assertions="2" time="0.005174"/>
      <testcase name="testGetAsBinary" class="PHP\Net\INET4AddressTest" file="C:\Users\janoszen\Documents\NetBeansProjects\Alternative-Class-Repository\tests\PHP\Net\INET4AddressTest.php" line="25" assertions="2" time="0.004458"/>
      <testcase name="testTypeBinaryMask" class="PHP\Net\INET4AddressTest" file="C:\Users\janoszen\Documents\NetBeansProjects\Alternative-Class-Repository\tests\PHP\Net\INET4AddressTest.php" line="36" assertions="1" time="0.004110"/>
      <testcase name="testTooSmallBinaryMask" class="PHP\Net\INET4AddressTest" file="C:\Users\janoszen\Documents\NetBeansProjects\Alternative-Class-Repository\tests\PHP\Net\INET4AddressTest.php" line="46" assertions="1" time="0.004356"/>
      <testcase name="testTooLargeBinaryMask" class="PHP\Net\INET4AddressTest" file="C:\Users\janoszen\Documents\NetBeansProjects\Alternative-Class-Repository\tests\PHP\Net\INET4AddressTest.php" line="56" assertions="1" time="0.004027"/>
      <testcase name="testInvalidAddress" class="PHP\Net\INET4AddressTest" file="C:\Users\janoszen\Documents\NetBeansProjects\Alternative-Class-Repository\tests\PHP\Net\INET4AddressTest.php" line="66" assertions="1" time="0.003880"/>
      <testcase name="testInvalidFormatAddress" class="PHP\Net\INET4AddressTest" file="C:\Users\janoszen\Documents\NetBeansProjects\Alternative-Class-Repository\tests\PHP\Net\INET4AddressTest.php" line="75" assertions="1" time="0.004088"/>
      <testcase name="testEquals" class="PHP\Net\INET4AddressTest" file="C:\Users\janoszen\Documents\NetBeansProjects\Alternative-Class-Repository\tests\PHP\Net\INET4AddressTest.php" line="84" assertions="4" time="0.006685"/>
      <testcase name="testCompareTo" class="PHP\Net\INET4AddressTest" file="C:\Users\janoszen\Documents\NetBeansProjects\Alternative-Class-Repository\tests\PHP\Net\INET4AddressTest.php" line="98" assertions="4" time="0.007318"/>
      <testcase name="testInvalidCompareTo" class="PHP\Net\INET4AddressTest" file="C:\Users\janoszen\Documents\NetBeansProjects\Alternative-Class-Repository\tests\PHP\Net\INET4AddressTest.php" line="112" assertions="1" time="0.004389"/>
      <testcase name="testUnicastOrBroadcast" class="PHP\Net\INET4AddressTest" file="C:\Users\janoszen\Documents\NetBeansProjects\Alternative-Class-Repository\tests\PHP\Net\INET4AddressTest.php" line="123" assertions="2" time="0.005985"/>
      <testcase name="testMulticast" class="PHP\Net\INET4AddressTest" file="C:\Users\janoszen\Documents\NetBeansProjects\Alternative-Class-Repository\tests\PHP\Net\INET4AddressTest.php" line="133" assertions="2" time="0.005226"/>
      <testcase name="testLoopback" class="PHP\Net\INET4AddressTest" file="C:\Users\janoszen\Documents\NetBeansProjects\Alternative-Class-Repository\tests\PHP\Net\INET4AddressTest.php" line="143" assertions="3" time="0.006897"/>
      <testcase name="testGloballyRoutable" class="PHP\Net\INET4AddressTest" file="C:\Users\janoszen\Documents\NetBeansProjects\Alternative-Class-Repository\tests\PHP\Net\INET4AddressTest.php" line="155" assertions="9" time="0.023318"/>
    </testsuite>
  </testsuite>
</testsuites>
