<?xml version="1.0" encoding="UTF-8"?>
<testsuites>
  <testsuite name="C:\Users\janoszen\Documents\NetBeansProjects\Alternative-Class-Repository/tests/" tests="34" assertions="68" failures="0" errors="0" time="0.227759">
    <testsuite name="ClassLoaderTest" file="C:\Users\janoszen\Documents\NetBeansProjects\Alternative-Class-Repository\tests\ClassLoaderTest.php" tests="5" assertions="15" failures="0" errors="0" time="0.043150">
      <testcase name="testLoadEverything" class="ClassLoaderTest" file="C:\Users\janoszen\Documents\NetBeansProjects\Alternative-Class-Repository\tests\ClassLoaderTest.php" line="30" assertions="10" time="0.020778"/>
      <testcase name="testWildcardImport" class="ClassLoaderTest" file="C:\Users\janoszen\Documents\NetBeansProjects\Alternative-Class-Repository\tests\ClassLoaderTest.php" line="48" assertions="1" time="0.005964"/>
      <testcase name="testClassLoaderCallbackInterface" class="ClassLoaderTest" file="C:\Users\janoszen\Documents\NetBeansProjects\Alternative-Class-Repository\tests\ClassLoaderTest.php" line="57" assertions="2" time="0.005876"/>
      <testcase name="testLoadAndCreateInstance" class="ClassLoaderTest" file="C:\Users\janoszen\Documents\NetBeansProjects\Alternative-Class-Repository\tests\ClassLoaderTest.php" line="67" assertions="1" time="0.005951"/>
      <testcase name="testCreateInstance" class="ClassLoaderTest" file="C:\Users\janoszen\Documents\NetBeansProjects\Alternative-Class-Repository\tests\ClassLoaderTest.php" line="77" assertions="1" time="0.004581"/>
    </testsuite>
    <testsuite name="PHP\IO\FileTest" file="C:\Users\janoszen\Documents\NetBeansProjects\Alternative-Class-Repository\tests\PHP\IO\FileTest.php" namespace="PHP\IO" fullPackage="PHP.IO" tests="7" assertions="8" failures="0" errors="0" time="0.037690">
      <testcase name="testGetPathSeparator" class="PHP\IO\FileTest" file="C:\Users\janoszen\Documents\NetBeansProjects\Alternative-Class-Repository\tests\PHP\IO\FileTest.php" line="14" assertions="1" time="0.004361"/>
      <testcase name="testCreateNewFile" class="PHP\IO\FileTest" file="C:\Users\janoszen\Documents\NetBeansProjects\Alternative-Class-Repository\tests\PHP\IO\FileTest.php" line="21" assertions="1" time="0.007448"/>
      <testcase name="testCanRead" class="PHP\IO\FileTest" file="C:\Users\janoszen\Documents\NetBeansProjects\Alternative-Class-Repository\tests\PHP\IO\FileTest.php" line="32" assertions="1" time="0.004349"/>
      <testcase name="testCanWrite" class="PHP\IO\FileTest" file="C:\Users\janoszen\Documents\NetBeansProjects\Alternative-Class-Repository\tests\PHP\IO\FileTest.php" line="40" assertions="1" time="0.004967"/>
      <testcase name="testGetAbsoluteFile" class="PHP\IO\FileTest" file="C:\Users\janoszen\Documents\NetBeansProjects\Alternative-Class-Repository\tests\PHP\IO\FileTest.php" line="48" assertions="1" time="0.006629"/>
      <testcase name="testGetAbsolutePath" class="PHP\IO\FileTest" file="C:\Users\janoszen\Documents\NetBeansProjects\Alternative-Class-Repository\tests\PHP\IO\FileTest.php" line="57" assertions="1" time="0.004530"/>
      <testcase name="testIsDirectory" class="PHP\IO\FileTest" file="C:\Users\janoszen\Documents\NetBeansProjects\Alternative-Class-Repository\tests\PHP\IO\FileTest.php" line="106" assertions="2" time="0.005406"/>
    </testsuite>
    <testsuite name="PHP\Lang\ExceptionTest" file="C:\Users\janoszen\Documents\NetBeansProjects\Alternative-Class-Repository\tests\PHP\Lang\ExceptionTest.php" namespace="PHP\Lang" fullPackage="PHP.Lang" tests="1" assertions="1" failures="0" errors="0" time="0.004187">
      <testcase name="testThrow" class="PHP\Lang\ExceptionTest" file="C:\Users\janoszen\Documents\NetBeansProjects\Alternative-Class-Repository\tests\PHP\Lang\ExceptionTest.php" line="14" assertions="1" time="0.004187"/>
    </testsuite>
    <testsuite name="PHP\Lang\IndexOutOfBoundsExceptionTest" file="C:\Users\janoszen\Documents\NetBeansProjects\Alternative-Class-Repository\tests\PHP\Lang\IndexOutOfBoundsExceptionTest.php" namespace="PHP\Lang" fullPackage="PHP.Lang" tests="2" assertions="2" failures="0" errors="0" time="0.009712">
      <testcase name="testThrowWithOffset" class="PHP\Lang\IndexOutOfBoundsExceptionTest" file="C:\Users\janoszen\Documents\NetBeansProjects\Alternative-Class-Repository\tests\PHP\Lang\IndexOutOfBoundsExceptionTest.php" line="14" assertions="1" time="0.005164"/>
      <testcase name="testThrowWithoutOffset" class="PHP\Lang\IndexOutOfBoundsExceptionTest" file="C:\Users\janoszen\Documents\NetBeansProjects\Alternative-Class-Repository\tests\PHP\Lang\IndexOutOfBoundsExceptionTest.php" line="28" assertions="1" time="0.004548"/>
    </testsuite>
    <testsuite name="PHP\Lang\NotImplementedExceptionTest" file="C:\Users\janoszen\Documents\NetBeansProjects\Alternative-Class-Repository\tests\PHP\Lang\NotImplementedExceptionTest.php" namespace="PHP\Lang" fullPackage="PHP.Lang" tests="2" assertions="2" failures="0" errors="0" time="0.010266">
      <testcase name="testWithFeature" class="PHP\Lang\NotImplementedExceptionTest" file="C:\Users\janoszen\Documents\NetBeansProjects\Alternative-Class-Repository\tests\PHP\Lang\NotImplementedExceptionTest.php" line="14" assertions="1" time="0.003978"/>
      <testcase name="testWithoutFeature" class="PHP\Lang\NotImplementedExceptionTest" file="C:\Users\janoszen\Documents\NetBeansProjects\Alternative-Class-Repository\tests\PHP\Lang\NotImplementedExceptionTest.php" line="28" assertions="1" time="0.006288"/>
    </testsuite>
    <testsuite name="PHP\Lang\TypeErrorTest" file="C:\Users\janoszen\Documents\NetBeansProjects\Alternative-Class-Repository\tests\PHP\Lang\TypeErrorTest.php" namespace="PHP\Lang" fullPackage="PHP.Lang" tests="2" assertions="4" failures="0" errors="0" time="0.010593">
      <testcase name="testWithClass" class="PHP\Lang\TypeErrorTest" file="C:\Users\janoszen\Documents\NetBeansProjects\Alternative-Class-Repository\tests\PHP\Lang\TypeErrorTest.php" line="14" assertions="2" time="0.005857"/>
      <testcase name="testWithBaseType" class="PHP\Lang\TypeErrorTest" file="C:\Users\janoszen\Documents\NetBeansProjects\Alternative-Class-Repository\tests\PHP\Lang\TypeErrorTest.php" line="31" assertions="2" time="0.004736"/>
    </testsuite>
    <testsuite name="PHP\Lang\ValueErrorTest" file="C:\Users\janoszen\Documents\NetBeansProjects\Alternative-Class-Repository\tests\PHP\Lang\ValueErrorTest.php" namespace="PHP\Lang" fullPackage="PHP.Lang" tests="1" assertions="2" failures="0" errors="0" time="0.004814">
      <testcase name="testThrow" class="PHP\Lang\ValueErrorTest" file="C:\Users\janoszen\Documents\NetBeansProjects\Alternative-Class-Repository\tests\PHP\Lang\ValueErrorTest.php" line="14" assertions="2" time="0.004814"/>
    </testsuite>
    <testsuite name="PHP\Net\INET4AddressTest" file="C:\Users\janoszen\Documents\NetBeansProjects\Alternative-Class-Repository\tests\PHP\Net\INET4AddressTest.php" namespace="PHP\Net" fullPackage="PHP.Net" tests="14" assertions="34" failures="0" errors="0" time="0.107347">
      <testcase name="testValidAddress" class="PHP\Net\INET4AddressTest" file="C:\Users\janoszen\Documents\NetBeansProjects\Alternative-Class-Repository\tests\PHP\Net\INET4AddressTest.php" line="14" assertions="2" time="0.004754"/>
      <testcase name="testGetAsBinary" class="PHP\Net\INET4AddressTest" file="C:\Users\janoszen\Documents\NetBeansProjects\Alternative-Class-Repository\tests\PHP\Net\INET4AddressTest.php" line="25" assertions="2" time="0.005435"/>
      <testcase name="testTypeBinaryMask" class="PHP\Net\INET4AddressTest" file="C:\Users\janoszen\Documents\NetBeansProjects\Alternative-Class-Repository\tests\PHP\Net\INET4AddressTest.php" line="36" assertions="1" time="0.005518"/>
      <testcase name="testTooSmallBinaryMask" class="PHP\Net\INET4AddressTest" file="C:\Users\janoszen\Documents\NetBeansProjects\Alternative-Class-Repository\tests\PHP\Net\INET4AddressTest.php" line="46" assertions="1" time="0.004386"/>
      <testcase name="testTooLargeBinaryMask" class="PHP\Net\INET4AddressTest" file="C:\Users\janoszen\Documents\NetBeansProjects\Alternative-Class-Repository\tests\PHP\Net\INET4AddressTest.php" line="56" assertions="1" time="0.004746"/>
      <testcase name="testInvalidAddress" class="PHP\Net\INET4AddressTest" file="C:\Users\janoszen\Documents\NetBeansProjects\Alternative-Class-Repository\tests\PHP\Net\INET4AddressTest.php" line="66" assertions="1" time="0.005870"/>
      <testcase name="testInvalidFormatAddress" class="PHP\Net\INET4AddressTest" file="C:\Users\janoszen\Documents\NetBeansProjects\Alternative-Class-Repository\tests\PHP\Net\INET4AddressTest.php" line="75" assertions="1" time="0.004432"/>
      <testcase name="testEquals" class="PHP\Net\INET4AddressTest" file="C:\Users\janoszen\Documents\NetBeansProjects\Alternative-Class-Repository\tests\PHP\Net\INET4AddressTest.php" line="84" assertions="4" time="0.008868"/>
      <testcase name="testCompareTo" class="PHP\Net\INET4AddressTest" file="C:\Users\janoszen\Documents\NetBeansProjects\Alternative-Class-Repository\tests\PHP\Net\INET4AddressTest.php" line="98" assertions="4" time="0.008236"/>
      <testcase name="testInvalidCompareTo" class="PHP\Net\INET4AddressTest" file="C:\Users\janoszen\Documents\NetBeansProjects\Alternative-Class-Repository\tests\PHP\Net\INET4AddressTest.php" line="112" assertions="1" time="0.004888"/>
      <testcase name="testUnicastOrBroadcast" class="PHP\Net\INET4AddressTest" file="C:\Users\janoszen\Documents\NetBeansProjects\Alternative-Class-Repository\tests\PHP\Net\INET4AddressTest.php" line="123" assertions="2" time="0.007441"/>
      <testcase name="testMulticast" class="PHP\Net\INET4AddressTest" file="C:\Users\janoszen\Documents\NetBeansProjects\Alternative-Class-Repository\tests\PHP\Net\INET4AddressTest.php" line="133" assertions="2" time="0.006143"/>
      <testcase name="testLoopback" class="PHP\Net\INET4AddressTest" file="C:\Users\janoszen\Documents\NetBeansProjects\Alternative-Class-Repository\tests\PHP\Net\INET4AddressTest.php" line="143" assertions="3" time="0.007353"/>
      <testcase name="testGloballyRoutable" class="PHP\Net\INET4AddressTest" file="C:\Users\janoszen\Documents\NetBeansProjects\Alternative-Class-Repository\tests\PHP\Net\INET4AddressTest.php" line="155" assertions="9" time="0.029277"/>
    </testsuite>
  </testsuite>
</testsuites>
