<?xml version="1.0" encoding="UTF-8"?>
<testsuites>
  <testsuite name="/home/janoszen/acr/tests/" tests="63" assertions="135" failures="0" errors="0" time="0.592018">
    <testsuite name="ClassLoaderTest" file="/home/janoszen/acr/tests/ClassLoaderTest.php" tests="5" assertions="7" failures="0" errors="0" time="0.042745">
      <testcase name="testLoadEverything" class="ClassLoaderTest" file="/home/janoszen/acr/tests/ClassLoaderTest.php" line="30" assertions="2" time="0.016064"/>
      <testcase name="testWildcardImport" class="ClassLoaderTest" file="/home/janoszen/acr/tests/ClassLoaderTest.php" line="48" assertions="1" time="0.006343"/>
      <testcase name="testClassLoaderCallbackInterface" class="ClassLoaderTest" file="/home/janoszen/acr/tests/ClassLoaderTest.php" line="57" assertions="2" time="0.006976"/>
      <testcase name="testLoadAndCreateInstance" class="ClassLoaderTest" file="/home/janoszen/acr/tests/ClassLoaderTest.php" line="67" assertions="1" time="0.006923"/>
      <testcase name="testCreateInstance" class="ClassLoaderTest" file="/home/janoszen/acr/tests/ClassLoaderTest.php" line="77" assertions="1" time="0.006439"/>
    </testsuite>
    <testsuite name="PHP\IO\FileTest" file="/home/janoszen/acr/tests/PHP/IO/FileTest.php" namespace="PHP\IO" fullPackage="PHP.IO" tests="7" assertions="8" failures="0" errors="0" time="0.049777">
      <testcase name="testGetPathSeparator" class="PHP\IO\FileTest" file="/home/janoszen/acr/tests/PHP/IO/FileTest.php" line="14" assertions="1" time="0.005513"/>
      <testcase name="testCreateNewFile" class="PHP\IO\FileTest" file="/home/janoszen/acr/tests/PHP/IO/FileTest.php" line="21" assertions="1" time="0.007105"/>
      <testcase name="testCanRead" class="PHP\IO\FileTest" file="/home/janoszen/acr/tests/PHP/IO/FileTest.php" line="32" assertions="1" time="0.007200"/>
      <testcase name="testCanWrite" class="PHP\IO\FileTest" file="/home/janoszen/acr/tests/PHP/IO/FileTest.php" line="40" assertions="1" time="0.006170"/>
      <testcase name="testGetAbsoluteFile" class="PHP\IO\FileTest" file="/home/janoszen/acr/tests/PHP/IO/FileTest.php" line="48" assertions="1" time="0.009624"/>
      <testcase name="testGetAbsolutePath" class="PHP\IO\FileTest" file="/home/janoszen/acr/tests/PHP/IO/FileTest.php" line="57" assertions="1" time="0.006704"/>
      <testcase name="testIsDirectory" class="PHP\IO\FileTest" file="/home/janoszen/acr/tests/PHP/IO/FileTest.php" line="106" assertions="2" time="0.007461"/>
    </testsuite>
    <testsuite name="PHP\Lang\TypeErrorTest" file="/home/janoszen/acr/tests/PHP/Lang/TypeErrorTest.php" namespace="PHP\Lang" fullPackage="PHP.Lang" tests="2" assertions="4" failures="0" errors="0" time="0.014688">
      <testcase name="testWithClass" class="PHP\Lang\TypeErrorTest" file="/home/janoszen/acr/tests/PHP/Lang/TypeErrorTest.php" line="14" assertions="2" time="0.007511"/>
      <testcase name="testWithBaseType" class="PHP\Lang\TypeErrorTest" file="/home/janoszen/acr/tests/PHP/Lang/TypeErrorTest.php" line="31" assertions="2" time="0.007177"/>
    </testsuite>
    <testsuite name="PHP\Lang\NotImplementedExceptionTest" file="/home/janoszen/acr/tests/PHP/Lang/NotImplementedExceptionTest.php" namespace="PHP\Lang" fullPackage="PHP.Lang" tests="2" assertions="2" failures="0" errors="0" time="0.012308">
      <testcase name="testWithFeature" class="PHP\Lang\NotImplementedExceptionTest" file="/home/janoszen/acr/tests/PHP/Lang/NotImplementedExceptionTest.php" line="14" assertions="1" time="0.006176"/>
      <testcase name="testWithoutFeature" class="PHP\Lang\NotImplementedExceptionTest" file="/home/janoszen/acr/tests/PHP/Lang/NotImplementedExceptionTest.php" line="28" assertions="1" time="0.006132"/>
    </testsuite>
    <testsuite name="PHP\Lang\IndexOutOfBoundsExceptionTest" file="/home/janoszen/acr/tests/PHP/Lang/IndexOutOfBoundsExceptionTest.php" namespace="PHP\Lang" fullPackage="PHP.Lang" tests="2" assertions="2" failures="0" errors="0" time="0.015613">
      <testcase name="testThrowWithOffset" class="PHP\Lang\IndexOutOfBoundsExceptionTest" file="/home/janoszen/acr/tests/PHP/Lang/IndexOutOfBoundsExceptionTest.php" line="14" assertions="1" time="0.009533"/>
      <testcase name="testThrowWithoutOffset" class="PHP\Lang\IndexOutOfBoundsExceptionTest" file="/home/janoszen/acr/tests/PHP/Lang/IndexOutOfBoundsExceptionTest.php" line="28" assertions="1" time="0.006080"/>
    </testsuite>
    <testsuite name="PHP\Lang\ValueErrorTest" file="/home/janoszen/acr/tests/PHP/Lang/ValueErrorTest.php" namespace="PHP\Lang" fullPackage="PHP.Lang" tests="1" assertions="2" failures="0" errors="0" time="0.006901">
      <testcase name="testThrow" class="PHP\Lang\ValueErrorTest" file="/home/janoszen/acr/tests/PHP/Lang/ValueErrorTest.php" line="14" assertions="2" time="0.006901"/>
    </testsuite>
    <testsuite name="PHP\Lang\ObjectTest" file="/home/janoszen/acr/tests/PHP/Lang/ObjectTest.php" namespace="PHP\Lang" fullPackage="PHP.Lang" tests="3" assertions="9" failures="0" errors="0" time="0.023061">
      <testcase name="testHashCodeGeneration" class="PHP\Lang\ObjectTest" file="/home/janoszen/acr/tests/PHP/Lang/ObjectTest.php" line="14" assertions="3" time="0.008337"/>
      <testcase name="testEquals" class="PHP\Lang\ObjectTest" file="/home/janoszen/acr/tests/PHP/Lang/ObjectTest.php" line="25" assertions="3" time="0.006689"/>
      <testcase name="testStringConversion" class="PHP\Lang\ObjectTest" file="/home/janoszen/acr/tests/PHP/Lang/ObjectTest.php" line="36" assertions="3" time="0.008035"/>
    </testsuite>
    <testsuite name="PHP\Lang\ExceptionTest" file="/home/janoszen/acr/tests/PHP/Lang/ExceptionTest.php" namespace="PHP\Lang" fullPackage="PHP.Lang" tests="4" assertions="10" failures="0" errors="0" time="0.029484">
      <testcase name="testThrow" class="PHP\Lang\ExceptionTest" file="/home/janoszen/acr/tests/PHP/Lang/ExceptionTest.php" line="14" assertions="1" time="0.005778"/>
      <testcase name="testHashCodeGeneration" class="PHP\Lang\ExceptionTest" file="/home/janoszen/acr/tests/PHP/Lang/ExceptionTest.php" line="26" assertions="3" time="0.007518"/>
      <testcase name="testEquals" class="PHP\Lang\ExceptionTest" file="/home/janoszen/acr/tests/PHP/Lang/ExceptionTest.php" line="37" assertions="3" time="0.007040"/>
      <testcase name="testStringConversion" class="PHP\Lang\ExceptionTest" file="/home/janoszen/acr/tests/PHP/Lang/ExceptionTest.php" line="48" assertions="3" time="0.009148"/>
    </testsuite>
    <testsuite name="PHP\Net\INET6AddressTest" file="/home/janoszen/acr/tests/PHP/Net/INET6AddressTest.php" namespace="PHP\Net" fullPackage="PHP.Net" tests="14" assertions="40" failures="0" errors="0" time="0.183138">
      <testcase name="testValidAddress" class="PHP\Net\INET6AddressTest" file="/home/janoszen/acr/tests/PHP/Net/INET6AddressTest.php" line="14" assertions="5" time="0.013221"/>
      <testcase name="testGetAsBinary" class="PHP\Net\INET6AddressTest" file="/home/janoszen/acr/tests/PHP/Net/INET6AddressTest.php" line="35" assertions="2" time="0.007436"/>
      <testcase name="testTypeBinaryMask" class="PHP\Net\INET6AddressTest" file="/home/janoszen/acr/tests/PHP/Net/INET6AddressTest.php" line="48" assertions="1" time="0.006953"/>
      <testcase name="testTooSmallBinaryMask" class="PHP\Net\INET6AddressTest" file="/home/janoszen/acr/tests/PHP/Net/INET6AddressTest.php" line="58" assertions="1" time="0.006418"/>
      <testcase name="testTooLargeBinaryMask" class="PHP\Net\INET6AddressTest" file="/home/janoszen/acr/tests/PHP/Net/INET6AddressTest.php" line="68" assertions="1" time="0.006147"/>
      <testcase name="testInvalidAddress" class="PHP\Net\INET6AddressTest" file="/home/janoszen/acr/tests/PHP/Net/INET6AddressTest.php" line="78" assertions="1" time="0.007165"/>
      <testcase name="testInvalidFormatAddress" class="PHP\Net\INET6AddressTest" file="/home/janoszen/acr/tests/PHP/Net/INET6AddressTest.php" line="87" assertions="1" time="0.006287"/>
      <testcase name="testEquals" class="PHP\Net\INET6AddressTest" file="/home/janoszen/acr/tests/PHP/Net/INET6AddressTest.php" line="96" assertions="4" time="0.013200"/>
      <testcase name="testCompareTo" class="PHP\Net\INET6AddressTest" file="/home/janoszen/acr/tests/PHP/Net/INET6AddressTest.php" line="110" assertions="4" time="0.017892"/>
      <testcase name="testInvalidCompareTo" class="PHP\Net\INET6AddressTest" file="/home/janoszen/acr/tests/PHP/Net/INET6AddressTest.php" line="124" assertions="1" time="0.007358"/>
      <testcase name="testUnicast" class="PHP\Net\INET6AddressTest" file="/home/janoszen/acr/tests/PHP/Net/INET6AddressTest.php" line="135" assertions="5" time="0.030017"/>
      <testcase name="testMulticast" class="PHP\Net\INET6AddressTest" file="/home/janoszen/acr/tests/PHP/Net/INET6AddressTest.php" line="151" assertions="3" time="0.009553"/>
      <testcase name="testLoopback" class="PHP\Net\INET6AddressTest" file="/home/janoszen/acr/tests/PHP/Net/INET6AddressTest.php" line="163" assertions="3" time="0.009605"/>
      <testcase name="testGloballyRoutable" class="PHP\Net\INET6AddressTest" file="/home/janoszen/acr/tests/PHP/Net/INET6AddressTest.php" line="189" assertions="8" time="0.041886"/>
    </testsuite>
    <testsuite name="PHP\Net\INETRangeTest" file="/home/janoszen/acr/tests/PHP/Net/INETRangeTest.php" namespace="PHP\Net" fullPackage="PHP.Net" tests="5" assertions="14" failures="0" errors="0" time="0.050337">
      <testcase name="testValidRangeAssignment" class="PHP\Net\INETRangeTest" file="/home/janoszen/acr/tests/PHP/Net/INETRangeTest.php" line="14" assertions="0" time="0.009156"/>
      <testcase name="testIPv4InRange" class="PHP\Net\INETRangeTest" file="/home/janoszen/acr/tests/PHP/Net/INETRangeTest.php" line="22" assertions="6" time="0.012494"/>
      <testcase name="testIPv6InRange" class="PHP\Net\INETRangeTest" file="/home/janoszen/acr/tests/PHP/Net/INETRangeTest.php" line="38" assertions="6" time="0.014330"/>
      <testcase name="testAddressIPv4Compability" class="PHP\Net\INETRangeTest" file="/home/janoszen/acr/tests/PHP/Net/INETRangeTest.php" line="54" assertions="1" time="0.007263"/>
      <testcase name="testAddressIPv6Compability" class="PHP\Net\INETRangeTest" file="/home/janoszen/acr/tests/PHP/Net/INETRangeTest.php" line="64" assertions="1" time="0.007094"/>
    </testsuite>
    <testsuite name="PHP\Net\INETInvalidMaskTest" file="/home/janoszen/acr/tests/PHP/Net/INETInvalidMaskTest.php" namespace="PHP\Net" fullPackage="PHP.Net" tests="1" assertions="1" failures="0" errors="0" time="0.005879">
      <testcase name="testAddress" class="PHP\Net\INETInvalidMaskTest" file="/home/janoszen/acr/tests/PHP/Net/INETInvalidMaskTest.php" line="14" assertions="1" time="0.005879"/>
    </testsuite>
    <testsuite name="PHP\Net\INET4AddressTest" file="/home/janoszen/acr/tests/PHP/Net/INET4AddressTest.php" namespace="PHP\Net" fullPackage="PHP.Net" tests="14" assertions="34" failures="0" errors="0" time="0.139692">
      <testcase name="testValidAddress" class="PHP\Net\INET4AddressTest" file="/home/janoszen/acr/tests/PHP/Net/INET4AddressTest.php" line="14" assertions="2" time="0.006906"/>
      <testcase name="testGetAsBinary" class="PHP\Net\INET4AddressTest" file="/home/janoszen/acr/tests/PHP/Net/INET4AddressTest.php" line="25" assertions="2" time="0.006686"/>
      <testcase name="testTypeBinaryMask" class="PHP\Net\INET4AddressTest" file="/home/janoszen/acr/tests/PHP/Net/INET4AddressTest.php" line="36" assertions="1" time="0.005766"/>
      <testcase name="testTooSmallBinaryMask" class="PHP\Net\INET4AddressTest" file="/home/janoszen/acr/tests/PHP/Net/INET4AddressTest.php" line="46" assertions="1" time="0.005835"/>
      <testcase name="testTooLargeBinaryMask" class="PHP\Net\INET4AddressTest" file="/home/janoszen/acr/tests/PHP/Net/INET4AddressTest.php" line="56" assertions="1" time="0.006260"/>
      <testcase name="testInvalidAddress" class="PHP\Net\INET4AddressTest" file="/home/janoszen/acr/tests/PHP/Net/INET4AddressTest.php" line="66" assertions="1" time="0.006463"/>
      <testcase name="testInvalidFormatAddress" class="PHP\Net\INET4AddressTest" file="/home/janoszen/acr/tests/PHP/Net/INET4AddressTest.php" line="75" assertions="1" time="0.006015"/>
      <testcase name="testEquals" class="PHP\Net\INET4AddressTest" file="/home/janoszen/acr/tests/PHP/Net/INET4AddressTest.php" line="84" assertions="4" time="0.011004"/>
      <testcase name="testCompareTo" class="PHP\Net\INET4AddressTest" file="/home/janoszen/acr/tests/PHP/Net/INET4AddressTest.php" line="98" assertions="4" time="0.010807"/>
      <testcase name="testInvalidCompareTo" class="PHP\Net\INET4AddressTest" file="/home/janoszen/acr/tests/PHP/Net/INET4AddressTest.php" line="112" assertions="1" time="0.007539"/>
      <testcase name="testUnicastOrBroadcast" class="PHP\Net\INET4AddressTest" file="/home/janoszen/acr/tests/PHP/Net/INET4AddressTest.php" line="123" assertions="2" time="0.008502"/>
      <testcase name="testMulticast" class="PHP\Net\INET4AddressTest" file="/home/janoszen/acr/tests/PHP/Net/INET4AddressTest.php" line="133" assertions="2" time="0.007911"/>
      <testcase name="testLoopback" class="PHP\Net\INET4AddressTest" file="/home/janoszen/acr/tests/PHP/Net/INET4AddressTest.php" line="143" assertions="3" time="0.010207"/>
      <testcase name="testGloballyRoutable" class="PHP\Net\INET4AddressTest" file="/home/janoszen/acr/tests/PHP/Net/INET4AddressTest.php" line="155" assertions="9" time="0.039791"/>
    </testsuite>
    <testsuite name="PHP\Net\INETAddressFormatErrorTest" file="/home/janoszen/acr/tests/PHP/Net/INETAddressFormatErrorTest.php" namespace="PHP\Net" fullPackage="PHP.Net" tests="1" assertions="1" failures="0" errors="0" time="0.005294">
      <testcase name="testAddress" class="PHP\Net\INETAddressFormatErrorTest" file="/home/janoszen/acr/tests/PHP/Net/INETAddressFormatErrorTest.php" line="14" assertions="1" time="0.005294"/>
    </testsuite>
    <testsuite name="PHP\Net\INETUnknownHostTest" file="/home/janoszen/acr/tests/PHP/Net/INETUnknownHostTest.php" namespace="PHP\Net" fullPackage="PHP.Net" tests="1" assertions="1" failures="0" errors="0" time="0.005529">
      <testcase name="testAddress" class="PHP\Net\INETUnknownHostTest" file="/home/janoszen/acr/tests/PHP/Net/INETUnknownHostTest.php" line="14" assertions="1" time="0.005529"/>
    </testsuite>
    <testsuite name="PHP\OS\SignalTest" file="/home/janoszen/acr/tests/PHP/OS/SignalTest.php" namespace="PHP\OS" fullPackage="PHP.OS" tests="1" assertions="0" failures="0" errors="0" time="0.007572">
      <testcase name="testValidateSignals" class="PHP\OS\SignalTest" file="/home/janoszen/acr/tests/PHP/OS/SignalTest.php" line="16" assertions="0" time="0.007572"/>
    </testsuite>
  </testsuite>
</testsuites>
