<?xml version="1.0" encoding="UTF-8"?>
<testsuites>
  <testsuite name="C:\Users\janoszen\Documents\NetBeansProjects\Alternative-Class-Repository/tests/" tests="40" assertions="81" failures="0" errors="0" time="0.336496">
    <testsuite name="ClassLoaderTest" file="C:\Users\janoszen\Documents\NetBeansProjects\Alternative-Class-Repository\tests\ClassLoaderTest.php" tests="5" assertions="10" failures="0" errors="0" time="0.090524">
      <testcase name="testLoadEverything" class="ClassLoaderTest" file="C:\Users\janoszen\Documents\NetBeansProjects\Alternative-Class-Repository\tests\ClassLoaderTest.php" line="30" assertions="5" time="0.068528"/>
      <testcase name="testWildcardImport" class="ClassLoaderTest" file="C:\Users\janoszen\Documents\NetBeansProjects\Alternative-Class-Repository\tests\ClassLoaderTest.php" line="48" assertions="1" time="0.006341"/>
      <testcase name="testClassLoaderCallbackInterface" class="ClassLoaderTest" file="C:\Users\janoszen\Documents\NetBeansProjects\Alternative-Class-Repository\tests\ClassLoaderTest.php" line="57" assertions="2" time="0.005867"/>
      <testcase name="testLoadAndCreateInstance" class="ClassLoaderTest" file="C:\Users\janoszen\Documents\NetBeansProjects\Alternative-Class-Repository\tests\ClassLoaderTest.php" line="67" assertions="1" time="0.005293"/>
      <testcase name="testCreateInstance" class="ClassLoaderTest" file="C:\Users\janoszen\Documents\NetBeansProjects\Alternative-Class-Repository\tests\ClassLoaderTest.php" line="77" assertions="1" time="0.004495"/>
    </testsuite>
    <testsuite name="PHP\IO\FileTest" file="C:\Users\janoszen\Documents\NetBeansProjects\Alternative-Class-Repository\tests\PHP\IO\FileTest.php" namespace="PHP\IO" fullPackage="PHP.IO" tests="7" assertions="8" failures="0" errors="0" time="0.054078">
      <testcase name="testGetPathSeparator" class="PHP\IO\FileTest" file="C:\Users\janoszen\Documents\NetBeansProjects\Alternative-Class-Repository\tests\PHP\IO\FileTest.php" line="14" assertions="1" time="0.004107"/>
      <testcase name="testCreateNewFile" class="PHP\IO\FileTest" file="C:\Users\janoszen\Documents\NetBeansProjects\Alternative-Class-Repository\tests\PHP\IO\FileTest.php" line="21" assertions="1" time="0.005595"/>
      <testcase name="testCanRead" class="PHP\IO\FileTest" file="C:\Users\janoszen\Documents\NetBeansProjects\Alternative-Class-Repository\tests\PHP\IO\FileTest.php" line="32" assertions="1" time="0.004231"/>
      <testcase name="testCanWrite" class="PHP\IO\FileTest" file="C:\Users\janoszen\Documents\NetBeansProjects\Alternative-Class-Repository\tests\PHP\IO\FileTest.php" line="40" assertions="1" time="0.004162"/>
      <testcase name="testGetAbsoluteFile" class="PHP\IO\FileTest" file="C:\Users\janoszen\Documents\NetBeansProjects\Alternative-Class-Repository\tests\PHP\IO\FileTest.php" line="48" assertions="1" time="0.022932"/>
      <testcase name="testGetAbsolutePath" class="PHP\IO\FileTest" file="C:\Users\janoszen\Documents\NetBeansProjects\Alternative-Class-Repository\tests\PHP\IO\FileTest.php" line="57" assertions="1" time="0.005049"/>
      <testcase name="testIsDirectory" class="PHP\IO\FileTest" file="C:\Users\janoszen\Documents\NetBeansProjects\Alternative-Class-Repository\tests\PHP\IO\FileTest.php" line="106" assertions="2" time="0.008002"/>
    </testsuite>
    <testsuite name="PHP\Lang\ExceptionTest" file="C:\Users\janoszen\Documents\NetBeansProjects\Alternative-Class-Repository\tests\PHP\Lang\ExceptionTest.php" namespace="PHP\Lang" fullPackage="PHP.Lang" tests="4" assertions="10" failures="0" errors="0" time="0.054467">
      <testcase name="testThrow" class="PHP\Lang\ExceptionTest" file="C:\Users\janoszen\Documents\NetBeansProjects\Alternative-Class-Repository\tests\PHP\Lang\ExceptionTest.php" line="14" assertions="1" time="0.004346"/>
      <testcase name="testHashCodeGeneration" class="PHP\Lang\ExceptionTest" file="C:\Users\janoszen\Documents\NetBeansProjects\Alternative-Class-Repository\tests\PHP\Lang\ExceptionTest.php" line="26" assertions="3" time="0.040593"/>
      <testcase name="testEquals" class="PHP\Lang\ExceptionTest" file="C:\Users\janoszen\Documents\NetBeansProjects\Alternative-Class-Repository\tests\PHP\Lang\ExceptionTest.php" line="37" assertions="3" time="0.004605"/>
      <testcase name="testStringConversion" class="PHP\Lang\ExceptionTest" file="C:\Users\janoszen\Documents\NetBeansProjects\Alternative-Class-Repository\tests\PHP\Lang\ExceptionTest.php" line="48" assertions="3" time="0.004923"/>
    </testsuite>
    <testsuite name="PHP\Lang\IndexOutOfBoundsExceptionTest" file="C:\Users\janoszen\Documents\NetBeansProjects\Alternative-Class-Repository\tests\PHP\Lang\IndexOutOfBoundsExceptionTest.php" namespace="PHP\Lang" fullPackage="PHP.Lang" tests="2" assertions="2" failures="0" errors="0" time="0.008778">
      <testcase name="testThrowWithOffset" class="PHP\Lang\IndexOutOfBoundsExceptionTest" file="C:\Users\janoszen\Documents\NetBeansProjects\Alternative-Class-Repository\tests\PHP\Lang\IndexOutOfBoundsExceptionTest.php" line="14" assertions="1" time="0.004028"/>
      <testcase name="testThrowWithoutOffset" class="PHP\Lang\IndexOutOfBoundsExceptionTest" file="C:\Users\janoszen\Documents\NetBeansProjects\Alternative-Class-Repository\tests\PHP\Lang\IndexOutOfBoundsExceptionTest.php" line="28" assertions="1" time="0.004750"/>
    </testsuite>
    <testsuite name="PHP\Lang\NotImplementedExceptionTest" file="C:\Users\janoszen\Documents\NetBeansProjects\Alternative-Class-Repository\tests\PHP\Lang\NotImplementedExceptionTest.php" namespace="PHP\Lang" fullPackage="PHP.Lang" tests="2" assertions="2" failures="0" errors="0" time="0.008515">
      <testcase name="testWithFeature" class="PHP\Lang\NotImplementedExceptionTest" file="C:\Users\janoszen\Documents\NetBeansProjects\Alternative-Class-Repository\tests\PHP\Lang\NotImplementedExceptionTest.php" line="14" assertions="1" time="0.004284"/>
      <testcase name="testWithoutFeature" class="PHP\Lang\NotImplementedExceptionTest" file="C:\Users\janoszen\Documents\NetBeansProjects\Alternative-Class-Repository\tests\PHP\Lang\NotImplementedExceptionTest.php" line="28" assertions="1" time="0.004231"/>
    </testsuite>
    <testsuite name="PHP\Lang\ObjectTest" file="C:\Users\janoszen\Documents\NetBeansProjects\Alternative-Class-Repository\tests\PHP\Lang\ObjectTest.php" namespace="PHP\Lang" fullPackage="PHP.Lang" tests="3" assertions="9" failures="0" errors="0" time="0.015074">
      <testcase name="testHashCodeGeneration" class="PHP\Lang\ObjectTest" file="C:\Users\janoszen\Documents\NetBeansProjects\Alternative-Class-Repository\tests\PHP\Lang\ObjectTest.php" line="14" assertions="3" time="0.005256"/>
      <testcase name="testEquals" class="PHP\Lang\ObjectTest" file="C:\Users\janoszen\Documents\NetBeansProjects\Alternative-Class-Repository\tests\PHP\Lang\ObjectTest.php" line="25" assertions="3" time="0.004695"/>
      <testcase name="testStringConversion" class="PHP\Lang\ObjectTest" file="C:\Users\janoszen\Documents\NetBeansProjects\Alternative-Class-Repository\tests\PHP\Lang\ObjectTest.php" line="36" assertions="3" time="0.005123"/>
    </testsuite>
    <testsuite name="PHP\Lang\TypeErrorTest" file="C:\Users\janoszen\Documents\NetBeansProjects\Alternative-Class-Repository\tests\PHP\Lang\TypeErrorTest.php" namespace="PHP\Lang" fullPackage="PHP.Lang" tests="2" assertions="4" failures="0" errors="0" time="0.009367">
      <testcase name="testWithClass" class="PHP\Lang\TypeErrorTest" file="C:\Users\janoszen\Documents\NetBeansProjects\Alternative-Class-Repository\tests\PHP\Lang\TypeErrorTest.php" line="14" assertions="2" time="0.004727"/>
      <testcase name="testWithBaseType" class="PHP\Lang\TypeErrorTest" file="C:\Users\janoszen\Documents\NetBeansProjects\Alternative-Class-Repository\tests\PHP\Lang\TypeErrorTest.php" line="31" assertions="2" time="0.004640"/>
    </testsuite>
    <testsuite name="PHP\Lang\ValueErrorTest" file="C:\Users\janoszen\Documents\NetBeansProjects\Alternative-Class-Repository\tests\PHP\Lang\ValueErrorTest.php" namespace="PHP\Lang" fullPackage="PHP.Lang" tests="1" assertions="2" failures="0" errors="0" time="0.004804">
      <testcase name="testThrow" class="PHP\Lang\ValueErrorTest" file="C:\Users\janoszen\Documents\NetBeansProjects\Alternative-Class-Repository\tests\PHP\Lang\ValueErrorTest.php" line="14" assertions="2" time="0.004804"/>
    </testsuite>
    <testsuite name="PHP\Net\INET4AddressTest" file="C:\Users\janoszen\Documents\NetBeansProjects\Alternative-Class-Repository\tests\PHP\Net\INET4AddressTest.php" namespace="PHP\Net" fullPackage="PHP.Net" tests="14" assertions="34" failures="0" errors="0" time="0.090889">
      <testcase name="testValidAddress" class="PHP\Net\INET4AddressTest" file="C:\Users\janoszen\Documents\NetBeansProjects\Alternative-Class-Repository\tests\PHP\Net\INET4AddressTest.php" line="14" assertions="2" time="0.004958"/>
      <testcase name="testGetAsBinary" class="PHP\Net\INET4AddressTest" file="C:\Users\janoszen\Documents\NetBeansProjects\Alternative-Class-Repository\tests\PHP\Net\INET4AddressTest.php" line="25" assertions="2" time="0.004969"/>
      <testcase name="testTypeBinaryMask" class="PHP\Net\INET4AddressTest" file="C:\Users\janoszen\Documents\NetBeansProjects\Alternative-Class-Repository\tests\PHP\Net\INET4AddressTest.php" line="36" assertions="1" time="0.004125"/>
      <testcase name="testTooSmallBinaryMask" class="PHP\Net\INET4AddressTest" file="C:\Users\janoszen\Documents\NetBeansProjects\Alternative-Class-Repository\tests\PHP\Net\INET4AddressTest.php" line="46" assertions="1" time="0.004385"/>
      <testcase name="testTooLargeBinaryMask" class="PHP\Net\INET4AddressTest" file="C:\Users\janoszen\Documents\NetBeansProjects\Alternative-Class-Repository\tests\PHP\Net\INET4AddressTest.php" line="56" assertions="1" time="0.004016"/>
      <testcase name="testInvalidAddress" class="PHP\Net\INET4AddressTest" file="C:\Users\janoszen\Documents\NetBeansProjects\Alternative-Class-Repository\tests\PHP\Net\INET4AddressTest.php" line="66" assertions="1" time="0.003832"/>
      <testcase name="testInvalidFormatAddress" class="PHP\Net\INET4AddressTest" file="C:\Users\janoszen\Documents\NetBeansProjects\Alternative-Class-Repository\tests\PHP\Net\INET4AddressTest.php" line="75" assertions="1" time="0.003809"/>
      <testcase name="testEquals" class="PHP\Net\INET4AddressTest" file="C:\Users\janoszen\Documents\NetBeansProjects\Alternative-Class-Repository\tests\PHP\Net\INET4AddressTest.php" line="84" assertions="4" time="0.006971"/>
      <testcase name="testCompareTo" class="PHP\Net\INET4AddressTest" file="C:\Users\janoszen\Documents\NetBeansProjects\Alternative-Class-Repository\tests\PHP\Net\INET4AddressTest.php" line="98" assertions="4" time="0.007453"/>
      <testcase name="testInvalidCompareTo" class="PHP\Net\INET4AddressTest" file="C:\Users\janoszen\Documents\NetBeansProjects\Alternative-Class-Repository\tests\PHP\Net\INET4AddressTest.php" line="112" assertions="1" time="0.004518"/>
      <testcase name="testUnicastOrBroadcast" class="PHP\Net\INET4AddressTest" file="C:\Users\janoszen\Documents\NetBeansProjects\Alternative-Class-Repository\tests\PHP\Net\INET4AddressTest.php" line="123" assertions="2" time="0.005724"/>
      <testcase name="testMulticast" class="PHP\Net\INET4AddressTest" file="C:\Users\janoszen\Documents\NetBeansProjects\Alternative-Class-Repository\tests\PHP\Net\INET4AddressTest.php" line="133" assertions="2" time="0.005586"/>
      <testcase name="testLoopback" class="PHP\Net\INET4AddressTest" file="C:\Users\janoszen\Documents\NetBeansProjects\Alternative-Class-Repository\tests\PHP\Net\INET4AddressTest.php" line="143" assertions="3" time="0.006567"/>
      <testcase name="testGloballyRoutable" class="PHP\Net\INET4AddressTest" file="C:\Users\janoszen\Documents\NetBeansProjects\Alternative-Class-Repository\tests\PHP\Net\INET4AddressTest.php" line="155" assertions="9" time="0.023976"/>
    </testsuite>
  </testsuite>
</testsuites>
