<?xml version="1.0" encoding="UTF-8"?>
<testsuites>
  <testsuite name="C:\Users\janoszen\Documents\NetBeansProjects\Alternative-Class-Repository/tests/" tests="40" assertions="81" failures="0" errors="0" time="0.245796">
    <testsuite name="ClassLoaderTest" file="C:\Users\janoszen\Documents\NetBeansProjects\Alternative-Class-Repository\tests\ClassLoaderTest.php" tests="5" assertions="10" failures="0" errors="0" time="0.041941">
      <testcase name="testLoadEverything" class="ClassLoaderTest" file="C:\Users\janoszen\Documents\NetBeansProjects\Alternative-Class-Repository\tests\ClassLoaderTest.php" line="30" assertions="5" time="0.020460"/>
      <testcase name="testWildcardImport" class="ClassLoaderTest" file="C:\Users\janoszen\Documents\NetBeansProjects\Alternative-Class-Repository\tests\ClassLoaderTest.php" line="48" assertions="1" time="0.006246"/>
      <testcase name="testClassLoaderCallbackInterface" class="ClassLoaderTest" file="C:\Users\janoszen\Documents\NetBeansProjects\Alternative-Class-Repository\tests\ClassLoaderTest.php" line="57" assertions="2" time="0.005774"/>
      <testcase name="testLoadAndCreateInstance" class="ClassLoaderTest" file="C:\Users\janoszen\Documents\NetBeansProjects\Alternative-Class-Repository\tests\ClassLoaderTest.php" line="67" assertions="1" time="0.005371"/>
      <testcase name="testCreateInstance" class="ClassLoaderTest" file="C:\Users\janoszen\Documents\NetBeansProjects\Alternative-Class-Repository\tests\ClassLoaderTest.php" line="77" assertions="1" time="0.004090"/>
    </testsuite>
    <testsuite name="PHP\IO\FileTest" file="C:\Users\janoszen\Documents\NetBeansProjects\Alternative-Class-Repository\tests\PHP\IO\FileTest.php" namespace="PHP\IO" fullPackage="PHP.IO" tests="7" assertions="8" failures="0" errors="0" time="0.036291">
      <testcase name="testGetPathSeparator" class="PHP\IO\FileTest" file="C:\Users\janoszen\Documents\NetBeansProjects\Alternative-Class-Repository\tests\PHP\IO\FileTest.php" line="14" assertions="1" time="0.004143"/>
      <testcase name="testCreateNewFile" class="PHP\IO\FileTest" file="C:\Users\janoszen\Documents\NetBeansProjects\Alternative-Class-Repository\tests\PHP\IO\FileTest.php" line="21" assertions="1" time="0.005689"/>
      <testcase name="testCanRead" class="PHP\IO\FileTest" file="C:\Users\janoszen\Documents\NetBeansProjects\Alternative-Class-Repository\tests\PHP\IO\FileTest.php" line="32" assertions="1" time="0.004269"/>
      <testcase name="testCanWrite" class="PHP\IO\FileTest" file="C:\Users\janoszen\Documents\NetBeansProjects\Alternative-Class-Repository\tests\PHP\IO\FileTest.php" line="40" assertions="1" time="0.004302"/>
      <testcase name="testGetAbsoluteFile" class="PHP\IO\FileTest" file="C:\Users\janoszen\Documents\NetBeansProjects\Alternative-Class-Repository\tests\PHP\IO\FileTest.php" line="48" assertions="1" time="0.006694"/>
      <testcase name="testGetAbsolutePath" class="PHP\IO\FileTest" file="C:\Users\janoszen\Documents\NetBeansProjects\Alternative-Class-Repository\tests\PHP\IO\FileTest.php" line="57" assertions="1" time="0.005991"/>
      <testcase name="testIsDirectory" class="PHP\IO\FileTest" file="C:\Users\janoszen\Documents\NetBeansProjects\Alternative-Class-Repository\tests\PHP\IO\FileTest.php" line="106" assertions="2" time="0.005203"/>
    </testsuite>
    <testsuite name="PHP\Lang\ExceptionTest" file="C:\Users\janoszen\Documents\NetBeansProjects\Alternative-Class-Repository\tests\PHP\Lang\ExceptionTest.php" namespace="PHP\Lang" fullPackage="PHP.Lang" tests="4" assertions="10" failures="0" errors="0" time="0.023314">
      <testcase name="testThrow" class="PHP\Lang\ExceptionTest" file="C:\Users\janoszen\Documents\NetBeansProjects\Alternative-Class-Repository\tests\PHP\Lang\ExceptionTest.php" line="14" assertions="1" time="0.006258"/>
      <testcase name="testHashCodeGeneration" class="PHP\Lang\ExceptionTest" file="C:\Users\janoszen\Documents\NetBeansProjects\Alternative-Class-Repository\tests\PHP\Lang\ExceptionTest.php" line="26" assertions="3" time="0.007054"/>
      <testcase name="testEquals" class="PHP\Lang\ExceptionTest" file="C:\Users\janoszen\Documents\NetBeansProjects\Alternative-Class-Repository\tests\PHP\Lang\ExceptionTest.php" line="37" assertions="3" time="0.004763"/>
      <testcase name="testStringConversion" class="PHP\Lang\ExceptionTest" file="C:\Users\janoszen\Documents\NetBeansProjects\Alternative-Class-Repository\tests\PHP\Lang\ExceptionTest.php" line="48" assertions="3" time="0.005239"/>
    </testsuite>
    <testsuite name="PHP\Lang\IndexOutOfBoundsExceptionTest" file="C:\Users\janoszen\Documents\NetBeansProjects\Alternative-Class-Repository\tests\PHP\Lang\IndexOutOfBoundsExceptionTest.php" namespace="PHP\Lang" fullPackage="PHP.Lang" tests="2" assertions="2" failures="0" errors="0" time="0.008811">
      <testcase name="testThrowWithOffset" class="PHP\Lang\IndexOutOfBoundsExceptionTest" file="C:\Users\janoszen\Documents\NetBeansProjects\Alternative-Class-Repository\tests\PHP\Lang\IndexOutOfBoundsExceptionTest.php" line="14" assertions="1" time="0.004546"/>
      <testcase name="testThrowWithoutOffset" class="PHP\Lang\IndexOutOfBoundsExceptionTest" file="C:\Users\janoszen\Documents\NetBeansProjects\Alternative-Class-Repository\tests\PHP\Lang\IndexOutOfBoundsExceptionTest.php" line="28" assertions="1" time="0.004265"/>
    </testsuite>
    <testsuite name="PHP\Lang\NotImplementedExceptionTest" file="C:\Users\janoszen\Documents\NetBeansProjects\Alternative-Class-Repository\tests\PHP\Lang\NotImplementedExceptionTest.php" namespace="PHP\Lang" fullPackage="PHP.Lang" tests="2" assertions="2" failures="0" errors="0" time="0.008469">
      <testcase name="testWithFeature" class="PHP\Lang\NotImplementedExceptionTest" file="C:\Users\janoszen\Documents\NetBeansProjects\Alternative-Class-Repository\tests\PHP\Lang\NotImplementedExceptionTest.php" line="14" assertions="1" time="0.004268"/>
      <testcase name="testWithoutFeature" class="PHP\Lang\NotImplementedExceptionTest" file="C:\Users\janoszen\Documents\NetBeansProjects\Alternative-Class-Repository\tests\PHP\Lang\NotImplementedExceptionTest.php" line="28" assertions="1" time="0.004201"/>
    </testsuite>
    <testsuite name="PHP\Lang\ObjectTest" file="C:\Users\janoszen\Documents\NetBeansProjects\Alternative-Class-Repository\tests\PHP\Lang\ObjectTest.php" namespace="PHP\Lang" fullPackage="PHP.Lang" tests="3" assertions="9" failures="0" errors="0" time="0.015829">
      <testcase name="testHashCodeGeneration" class="PHP\Lang\ObjectTest" file="C:\Users\janoszen\Documents\NetBeansProjects\Alternative-Class-Repository\tests\PHP\Lang\ObjectTest.php" line="14" assertions="3" time="0.005273"/>
      <testcase name="testEquals" class="PHP\Lang\ObjectTest" file="C:\Users\janoszen\Documents\NetBeansProjects\Alternative-Class-Repository\tests\PHP\Lang\ObjectTest.php" line="25" assertions="3" time="0.004787"/>
      <testcase name="testStringConversion" class="PHP\Lang\ObjectTest" file="C:\Users\janoszen\Documents\NetBeansProjects\Alternative-Class-Repository\tests\PHP\Lang\ObjectTest.php" line="36" assertions="3" time="0.005769"/>
    </testsuite>
    <testsuite name="PHP\Lang\TypeErrorTest" file="C:\Users\janoszen\Documents\NetBeansProjects\Alternative-Class-Repository\tests\PHP\Lang\TypeErrorTest.php" namespace="PHP\Lang" fullPackage="PHP.Lang" tests="2" assertions="4" failures="0" errors="0" time="0.009395">
      <testcase name="testWithClass" class="PHP\Lang\TypeErrorTest" file="C:\Users\janoszen\Documents\NetBeansProjects\Alternative-Class-Repository\tests\PHP\Lang\TypeErrorTest.php" line="14" assertions="2" time="0.004734"/>
      <testcase name="testWithBaseType" class="PHP\Lang\TypeErrorTest" file="C:\Users\janoszen\Documents\NetBeansProjects\Alternative-Class-Repository\tests\PHP\Lang\TypeErrorTest.php" line="31" assertions="2" time="0.004661"/>
    </testsuite>
    <testsuite name="PHP\Lang\ValueErrorTest" file="C:\Users\janoszen\Documents\NetBeansProjects\Alternative-Class-Repository\tests\PHP\Lang\ValueErrorTest.php" namespace="PHP\Lang" fullPackage="PHP.Lang" tests="1" assertions="2" failures="0" errors="0" time="0.004688">
      <testcase name="testThrow" class="PHP\Lang\ValueErrorTest" file="C:\Users\janoszen\Documents\NetBeansProjects\Alternative-Class-Repository\tests\PHP\Lang\ValueErrorTest.php" line="14" assertions="2" time="0.004688"/>
    </testsuite>
    <testsuite name="PHP\Net\INET4AddressTest" file="C:\Users\janoszen\Documents\NetBeansProjects\Alternative-Class-Repository\tests\PHP\Net\INET4AddressTest.php" namespace="PHP\Net" fullPackage="PHP.Net" tests="14" assertions="34" failures="0" errors="0" time="0.097058">
      <testcase name="testValidAddress" class="PHP\Net\INET4AddressTest" file="C:\Users\janoszen\Documents\NetBeansProjects\Alternative-Class-Repository\tests\PHP\Net\INET4AddressTest.php" line="14" assertions="2" time="0.005003"/>
      <testcase name="testGetAsBinary" class="PHP\Net\INET4AddressTest" file="C:\Users\janoszen\Documents\NetBeansProjects\Alternative-Class-Repository\tests\PHP\Net\INET4AddressTest.php" line="25" assertions="2" time="0.004602"/>
      <testcase name="testTypeBinaryMask" class="PHP\Net\INET4AddressTest" file="C:\Users\janoszen\Documents\NetBeansProjects\Alternative-Class-Repository\tests\PHP\Net\INET4AddressTest.php" line="36" assertions="1" time="0.004321"/>
      <testcase name="testTooSmallBinaryMask" class="PHP\Net\INET4AddressTest" file="C:\Users\janoszen\Documents\NetBeansProjects\Alternative-Class-Repository\tests\PHP\Net\INET4AddressTest.php" line="46" assertions="1" time="0.004502"/>
      <testcase name="testTooLargeBinaryMask" class="PHP\Net\INET4AddressTest" file="C:\Users\janoszen\Documents\NetBeansProjects\Alternative-Class-Repository\tests\PHP\Net\INET4AddressTest.php" line="56" assertions="1" time="0.004415"/>
      <testcase name="testInvalidAddress" class="PHP\Net\INET4AddressTest" file="C:\Users\janoszen\Documents\NetBeansProjects\Alternative-Class-Repository\tests\PHP\Net\INET4AddressTest.php" line="66" assertions="1" time="0.004272"/>
      <testcase name="testInvalidFormatAddress" class="PHP\Net\INET4AddressTest" file="C:\Users\janoszen\Documents\NetBeansProjects\Alternative-Class-Repository\tests\PHP\Net\INET4AddressTest.php" line="75" assertions="1" time="0.004126"/>
      <testcase name="testEquals" class="PHP\Net\INET4AddressTest" file="C:\Users\janoszen\Documents\NetBeansProjects\Alternative-Class-Repository\tests\PHP\Net\INET4AddressTest.php" line="84" assertions="4" time="0.007302"/>
      <testcase name="testCompareTo" class="PHP\Net\INET4AddressTest" file="C:\Users\janoszen\Documents\NetBeansProjects\Alternative-Class-Repository\tests\PHP\Net\INET4AddressTest.php" line="98" assertions="4" time="0.007796"/>
      <testcase name="testInvalidCompareTo" class="PHP\Net\INET4AddressTest" file="C:\Users\janoszen\Documents\NetBeansProjects\Alternative-Class-Repository\tests\PHP\Net\INET4AddressTest.php" line="112" assertions="1" time="0.005082"/>
      <testcase name="testUnicastOrBroadcast" class="PHP\Net\INET4AddressTest" file="C:\Users\janoszen\Documents\NetBeansProjects\Alternative-Class-Repository\tests\PHP\Net\INET4AddressTest.php" line="123" assertions="2" time="0.006448"/>
      <testcase name="testMulticast" class="PHP\Net\INET4AddressTest" file="C:\Users\janoszen\Documents\NetBeansProjects\Alternative-Class-Repository\tests\PHP\Net\INET4AddressTest.php" line="133" assertions="2" time="0.005446"/>
      <testcase name="testLoopback" class="PHP\Net\INET4AddressTest" file="C:\Users\janoszen\Documents\NetBeansProjects\Alternative-Class-Repository\tests\PHP\Net\INET4AddressTest.php" line="143" assertions="3" time="0.007017"/>
      <testcase name="testGloballyRoutable" class="PHP\Net\INET4AddressTest" file="C:\Users\janoszen\Documents\NetBeansProjects\Alternative-Class-Repository\tests\PHP\Net\INET4AddressTest.php" line="155" assertions="9" time="0.026727"/>
    </testsuite>
    <testsuite name="PHP\OS\SignalTest" file="C:\Users\janoszen\Documents\NetBeansProjects\Alternative-Class-Repository\tests\PHP\OS\SignalTest.php" namespace="PHP\OS" fullPackage="PHP.OS" tests="0" assertions="0" failures="0" errors="0" time="0.000000"/>
  </testsuite>
</testsuites>
