<?xml version="1.0" encoding="UTF-8"?>
<testsuites>
  <testsuite name="C:\Users\janoszen\Documents\NetBeansProjects\Alternative-Class-Repository/tests/" tests="27" assertions="60" failures="0" errors="0" time="0.171504">
    <testsuite name="ClassLoaderTest" file="C:\Users\janoszen\Documents\NetBeansProjects\Alternative-Class-Repository\tests\ClassLoaderTest.php" tests="5" assertions="15" failures="0" errors="0" time="0.042729">
      <testcase name="testLoadEverything" class="ClassLoaderTest" file="C:\Users\janoszen\Documents\NetBeansProjects\Alternative-Class-Repository\tests\ClassLoaderTest.php" line="30" assertions="10" time="0.020514"/>
      <testcase name="testWildcardImport" class="ClassLoaderTest" file="C:\Users\janoszen\Documents\NetBeansProjects\Alternative-Class-Repository\tests\ClassLoaderTest.php" line="47" assertions="1" time="0.006197"/>
      <testcase name="testClassLoaderCallbackInterface" class="ClassLoaderTest" file="C:\Users\janoszen\Documents\NetBeansProjects\Alternative-Class-Repository\tests\ClassLoaderTest.php" line="56" assertions="2" time="0.005653"/>
      <testcase name="testLoadAndCreateInstance" class="ClassLoaderTest" file="C:\Users\janoszen\Documents\NetBeansProjects\Alternative-Class-Repository\tests\ClassLoaderTest.php" line="66" assertions="1" time="0.006111"/>
      <testcase name="testCreateInstance" class="ClassLoaderTest" file="C:\Users\janoszen\Documents\NetBeansProjects\Alternative-Class-Repository\tests\ClassLoaderTest.php" line="76" assertions="1" time="0.004254"/>
    </testsuite>
    <testsuite name="PHP\Lang\ExceptionTest" file="C:\Users\janoszen\Documents\NetBeansProjects\Alternative-Class-Repository\tests\PHP\Lang\ExceptionTest.php" namespace="PHP\Lang" fullPackage="PHP.Lang" tests="1" assertions="1" failures="0" errors="0" time="0.006005">
      <testcase name="testThrow" class="PHP\Lang\ExceptionTest" file="C:\Users\janoszen\Documents\NetBeansProjects\Alternative-Class-Repository\tests\PHP\Lang\ExceptionTest.php" line="14" assertions="1" time="0.006005"/>
    </testsuite>
    <testsuite name="PHP\Lang\IndexOutOfBoundsExceptionTest" file="C:\Users\janoszen\Documents\NetBeansProjects\Alternative-Class-Repository\tests\PHP\Lang\IndexOutOfBoundsExceptionTest.php" namespace="PHP\Lang" fullPackage="PHP.Lang" tests="2" assertions="2" failures="0" errors="0" time="0.010052">
      <testcase name="testThrowWithOffset" class="PHP\Lang\IndexOutOfBoundsExceptionTest" file="C:\Users\janoszen\Documents\NetBeansProjects\Alternative-Class-Repository\tests\PHP\Lang\IndexOutOfBoundsExceptionTest.php" line="14" assertions="1" time="0.005697"/>
      <testcase name="testThrowWithoutOffset" class="PHP\Lang\IndexOutOfBoundsExceptionTest" file="C:\Users\janoszen\Documents\NetBeansProjects\Alternative-Class-Repository\tests\PHP\Lang\IndexOutOfBoundsExceptionTest.php" line="28" assertions="1" time="0.004355"/>
    </testsuite>
    <testsuite name="PHP\Lang\NotImplementedExceptionTest" file="C:\Users\janoszen\Documents\NetBeansProjects\Alternative-Class-Repository\tests\PHP\Lang\NotImplementedExceptionTest.php" namespace="PHP\Lang" fullPackage="PHP.Lang" tests="2" assertions="2" failures="0" errors="0" time="0.008377">
      <testcase name="testWithFeature" class="PHP\Lang\NotImplementedExceptionTest" file="C:\Users\janoszen\Documents\NetBeansProjects\Alternative-Class-Repository\tests\PHP\Lang\NotImplementedExceptionTest.php" line="14" assertions="1" time="0.004120"/>
      <testcase name="testWithoutFeature" class="PHP\Lang\NotImplementedExceptionTest" file="C:\Users\janoszen\Documents\NetBeansProjects\Alternative-Class-Repository\tests\PHP\Lang\NotImplementedExceptionTest.php" line="28" assertions="1" time="0.004257"/>
    </testsuite>
    <testsuite name="PHP\Lang\TypeErrorTest" file="C:\Users\janoszen\Documents\NetBeansProjects\Alternative-Class-Repository\tests\PHP\Lang\TypeErrorTest.php" namespace="PHP\Lang" fullPackage="PHP.Lang" tests="2" assertions="4" failures="0" errors="0" time="0.010236">
      <testcase name="testWithClass" class="PHP\Lang\TypeErrorTest" file="C:\Users\janoszen\Documents\NetBeansProjects\Alternative-Class-Repository\tests\PHP\Lang\TypeErrorTest.php" line="14" assertions="2" time="0.005108"/>
      <testcase name="testWithBaseType" class="PHP\Lang\TypeErrorTest" file="C:\Users\janoszen\Documents\NetBeansProjects\Alternative-Class-Repository\tests\PHP\Lang\TypeErrorTest.php" line="31" assertions="2" time="0.005128"/>
    </testsuite>
    <testsuite name="PHP\Lang\ValueErrorTest" file="C:\Users\janoszen\Documents\NetBeansProjects\Alternative-Class-Repository\tests\PHP\Lang\ValueErrorTest.php" namespace="PHP\Lang" fullPackage="PHP.Lang" tests="1" assertions="2" failures="0" errors="0" time="0.004900">
      <testcase name="testThrow" class="PHP\Lang\ValueErrorTest" file="C:\Users\janoszen\Documents\NetBeansProjects\Alternative-Class-Repository\tests\PHP\Lang\ValueErrorTest.php" line="14" assertions="2" time="0.004900"/>
    </testsuite>
    <testsuite name="PHP\Net\INET4AddressTest" file="C:\Users\janoszen\Documents\NetBeansProjects\Alternative-Class-Repository\tests\PHP\Net\INET4AddressTest.php" namespace="PHP\Net" fullPackage="PHP.Net" tests="14" assertions="34" failures="0" errors="0" time="0.089204">
      <testcase name="testValidAddress" class="PHP\Net\INET4AddressTest" file="C:\Users\janoszen\Documents\NetBeansProjects\Alternative-Class-Repository\tests\PHP\Net\INET4AddressTest.php" line="14" assertions="2" time="0.004859"/>
      <testcase name="testGetAsBinary" class="PHP\Net\INET4AddressTest" file="C:\Users\janoszen\Documents\NetBeansProjects\Alternative-Class-Repository\tests\PHP\Net\INET4AddressTest.php" line="25" assertions="2" time="0.004814"/>
      <testcase name="testTypeBinaryMask" class="PHP\Net\INET4AddressTest" file="C:\Users\janoszen\Documents\NetBeansProjects\Alternative-Class-Repository\tests\PHP\Net\INET4AddressTest.php" line="36" assertions="1" time="0.003979"/>
      <testcase name="testTooSmallBinaryMask" class="PHP\Net\INET4AddressTest" file="C:\Users\janoszen\Documents\NetBeansProjects\Alternative-Class-Repository\tests\PHP\Net\INET4AddressTest.php" line="46" assertions="1" time="0.004285"/>
      <testcase name="testTooLargeBinaryMask" class="PHP\Net\INET4AddressTest" file="C:\Users\janoszen\Documents\NetBeansProjects\Alternative-Class-Repository\tests\PHP\Net\INET4AddressTest.php" line="56" assertions="1" time="0.004391"/>
      <testcase name="testInvalidAddress" class="PHP\Net\INET4AddressTest" file="C:\Users\janoszen\Documents\NetBeansProjects\Alternative-Class-Repository\tests\PHP\Net\INET4AddressTest.php" line="66" assertions="1" time="0.004029"/>
      <testcase name="testInvalidFormatAddress" class="PHP\Net\INET4AddressTest" file="C:\Users\janoszen\Documents\NetBeansProjects\Alternative-Class-Repository\tests\PHP\Net\INET4AddressTest.php" line="75" assertions="1" time="0.003922"/>
      <testcase name="testEquals" class="PHP\Net\INET4AddressTest" file="C:\Users\janoszen\Documents\NetBeansProjects\Alternative-Class-Repository\tests\PHP\Net\INET4AddressTest.php" line="84" assertions="4" time="0.006910"/>
      <testcase name="testCompareTo" class="PHP\Net\INET4AddressTest" file="C:\Users\janoszen\Documents\NetBeansProjects\Alternative-Class-Repository\tests\PHP\Net\INET4AddressTest.php" line="98" assertions="4" time="0.006723"/>
      <testcase name="testInvalidCompareTo" class="PHP\Net\INET4AddressTest" file="C:\Users\janoszen\Documents\NetBeansProjects\Alternative-Class-Repository\tests\PHP\Net\INET4AddressTest.php" line="112" assertions="1" time="0.004550"/>
      <testcase name="testUnicastOrBroadcast" class="PHP\Net\INET4AddressTest" file="C:\Users\janoszen\Documents\NetBeansProjects\Alternative-Class-Repository\tests\PHP\Net\INET4AddressTest.php" line="123" assertions="2" time="0.006051"/>
      <testcase name="testMulticast" class="PHP\Net\INET4AddressTest" file="C:\Users\janoszen\Documents\NetBeansProjects\Alternative-Class-Repository\tests\PHP\Net\INET4AddressTest.php" line="133" assertions="2" time="0.005176"/>
      <testcase name="testLoopback" class="PHP\Net\INET4AddressTest" file="C:\Users\janoszen\Documents\NetBeansProjects\Alternative-Class-Repository\tests\PHP\Net\INET4AddressTest.php" line="143" assertions="3" time="0.006857"/>
      <testcase name="testGloballyRoutable" class="PHP\Net\INET4AddressTest" file="C:\Users\janoszen\Documents\NetBeansProjects\Alternative-Class-Repository\tests\PHP\Net\INET4AddressTest.php" line="155" assertions="9" time="0.022659"/>
    </testsuite>
  </testsuite>
</testsuites>
